<?xml version="1.0" encoding="UTF-8"?>
<!-- Generated by org.testng.reporters.JUnitReportReporter -->
<testsuite hostname="CJB-LAP-138" name="tests._smokeTests" tests="1" failures="0" timestamp="2 Sep 2020 11:54:53 GMT" time="0.026" errors="0">
  <testcase name="main" time="0.026" classname="tests._smokeTests"/>
</testsuite> <!-- tests._smokeTests -->
