<?xml version="1.0" encoding="UTF-8"?>
<!-- Generated by org.testng.reporters.JUnitReportReporter -->
<testsuite hostname="CJB-LAP-138" name="tests._mvpTestSample" tests="12" failures="0" timestamp="10 Sep 2020 15:00:03 GMT" time="635.173" errors="0">
  <testcase name="demographics" time="21.396" classname="tests._mvpTestSample"/>
  <testcase name="prRateHistoryByStore" time="156.299" classname="tests._mvpTestSample"/>
  <testcase name="addMarket" time="72.151" classname="tests._mvpTestSample"/>
  <testcase name="marketSupplyMetrics" time="15.912" classname="tests._mvpTestSample"/>
  <testcase name="marketSpendingPower" time="13.513" classname="tests._mvpTestSample"/>
  <testcase name="prRatePerSqFtByUnitType" time="33.346" classname="tests._mvpTestSample"/>
  <testcase name="currentInventoryAvailability" time="164.339" classname="tests._mvpTestSample"/>
  <testcase name="storesInMarketUnitTypesOffered" time="81.348" classname="tests._mvpTestSample"/>
  <testcase name="prAverageUnitTypeRates" time="25.456" classname="tests._mvpTestSample"/>
  <testcase name="prRatePerSqFtByStoreType" time="16.759" classname="tests._mvpTestSample"/>
  <testcase name="allStores" time="25.144" classname="tests._mvpTestSample"/>
  <testcase name="storesInMarketStoreTypes" time="9.510" classname="tests._mvpTestSample"/>
</testsuite> <!-- tests._mvpTestSample -->
