<?xml version="1.0" encoding="UTF-8"?>
<!-- Generated by org.testng.reporters.JUnitReportReporter -->
<testsuite hostname="CJB-LAP-138" name="tests._testClass" tests="1" failures="0" timestamp="3 Sep 2020 05:55:42 GMT" time="0.020" errors="0">
  <testcase name="tess" time="0.020" classname="tests._testClass"/>
</testsuite> <!-- tests._testClass -->
