<?xml version="1.0" encoding="UTF-8"?>
<!-- Generated by org.testng.reporters.JUnitReportReporter -->
<testsuite hostname="CJB-LAP-138" name="tests._workout" tests="1" failures="0" timestamp="27 Jul 2020 14:01:20 GMT" time="10.991" errors="0">
  <testcase name="login" time="10.991" classname="tests._workout"/>
</testsuite> <!-- tests._workout -->
