<?xml version="1.0" encoding="UTF-8"?>
<!-- Generated by org.testng.reporters.JUnitReportReporter -->
<testsuite hostname="CJB-LAP-138" name="tests._mvpTest" tests="2" failures="0" timestamp="7 Jul 2020 14:04:15 GMT" time="24.834" errors="0">
  <testcase name="marketOverview" time="12.676" classname="tests._mvpTest"/>
  <testcase name="executiveSummary" time="12.158" classname="tests._mvpTest"/>
</testsuite> <!-- tests._mvpTest -->
